android/app/build/intermediates/manifest_merge_blame_file/debug/manifest-merger-blame-debug-report.txt
1<?xml version="1.0" encoding="utf-8"?>
2<manifest xmlns:android="http://schemas.android.com/apk/res/android"
3    package="juannews.app.test"
4    android:versionCode="1"
5    android:versionName="1.0" >
6
7    <uses-sdk
8        android:minSdkVersion="21"
8-->src\main\AndroidManifest.xml
9        android:targetSdkVersion="29" />
9-->src\main\AndroidManifest.xml
10
11    <!-- Permissions -->
12
13    <uses-permission android:name="android.permission.ACCESS_WIFI_STATE" />
13-->src\main\AndroidManifest.xml:48:5-76
13-->src\main\AndroidManifest.xml:48:22-73
14    <uses-permission android:name="android.permission.INTERNET" />
14-->src\main\AndroidManifest.xml:50:5-67
14-->src\main\AndroidManifest.xml:50:22-64
15    <!-- Camera, Photos, input file -->
16    <uses-permission android:name="android.permission.READ_EXTERNAL_STORAGE" />
16-->src\main\AndroidManifest.xml:52:5-79
16-->src\main\AndroidManifest.xml:52:22-77
17    <uses-permission android:name="android.permission.WRITE_EXTERNAL_STORAGE" />
17-->src\main\AndroidManifest.xml:53:5-81
17-->src\main\AndroidManifest.xml:53:22-78
18    <!-- Geolocation API -->
19    <uses-permission android:name="android.permission.ACCESS_COARSE_LOCATION" />
19-->src\main\AndroidManifest.xml:55:5-81
19-->src\main\AndroidManifest.xml:55:22-78
20    <uses-permission android:name="android.permission.ACCESS_FINE_LOCATION" />
20-->src\main\AndroidManifest.xml:56:5-79
20-->src\main\AndroidManifest.xml:56:22-76
21
22    <uses-feature android:name="android.hardware.location.gps" />
22-->src\main\AndroidManifest.xml:57:5-66
22-->src\main\AndroidManifest.xml:57:19-63
23    <!-- Network API -->
24    <uses-permission android:name="android.permission.ACCESS_NETWORK_STATE" />
24-->src\main\AndroidManifest.xml:59:5-79
24-->src\main\AndroidManifest.xml:59:22-76
25    <!-- Navigator.getUserMedia -->
26    <!-- Video -->
27    <uses-permission android:name="android.permission.CAMERA" />
27-->src\main\AndroidManifest.xml:62:5-65
27-->src\main\AndroidManifest.xml:62:22-62
28    <!-- Audio -->
29    <uses-permission android:name="android.permission.RECORD_AUDIO" />
29-->src\main\AndroidManifest.xml:64:5-71
29-->src\main\AndroidManifest.xml:64:22-68
30    <uses-permission android:name="android.permission.MODIFY_AUDIO_SETTINGS" />
30-->src\main\AndroidManifest.xml:65:5-79
30-->src\main\AndroidManifest.xml:65:22-77
31
32    <uses-feature
32-->[:capacitor-android] AndroidManifest.xml:11:5-13:36
33        android:name="android.hardware.camera"
33-->[:capacitor-android] AndroidManifest.xml:12:9-47
34        android:required="false" />
34-->[:capacitor-android] AndroidManifest.xml:13:9-33
35
36    <uses-permission android:name="android.permission.RECEIVE_BOOT_COMPLETED" />
36-->[:capacitor-android] AndroidManifest.xml:15:5-81
36-->[:capacitor-android] AndroidManifest.xml:15:22-78
37    <uses-permission android:name="android.permission.WAKE_LOCK" /> <!-- Required by older versions of Google Play services to create IID tokens -->
37-->[:capacitor-android] AndroidManifest.xml:16:5-68
37-->[:capacitor-android] AndroidManifest.xml:16:22-65
38    <uses-permission android:name="com.google.android.c2dm.permission.RECEIVE" />
38-->[com.google.firebase:firebase-iid:20.1.1] AndroidManifest.xml:26:5-82
38-->[com.google.firebase:firebase-iid:20.1.1] AndroidManifest.xml:26:22-79
39
40    <application
40-->src\main\AndroidManifest.xml:5:5-44:19
41        android:allowBackup="true"
41-->src\main\AndroidManifest.xml:6:9-35
42        android:appComponentFactory="androidx.core.app.CoreComponentFactory"
42-->[androidx.core:core:1.2.0] AndroidManifest.xml:24:18-86
43        android:debuggable="true"
44        android:icon="@mipmap/ic_launcher"
44-->src\main\AndroidManifest.xml:7:9-43
45        android:label="@string/app_name"
45-->src\main\AndroidManifest.xml:8:9-41
46        android:roundIcon="@mipmap/ic_launcher_round"
46-->src\main\AndroidManifest.xml:9:9-54
47        android:supportsRtl="true"
47-->src\main\AndroidManifest.xml:10:9-35
48        android:theme="@style/AppTheme" >
48-->src\main\AndroidManifest.xml:11:9-40
49        android:networkSecurityConfig="@xml/network_security_config"
50        <activity
50-->src\main\AndroidManifest.xml:14:9-33:20
51            android:name="juannews.app.test.MainActivity"
51-->src\main\AndroidManifest.xml:16:13-58
52            android:configChanges="orientation|keyboardHidden|keyboard|screenSize|locale|smallestScreenSize|screenLayout|uiMode"
52-->src\main\AndroidManifest.xml:15:13-129
53            android:label="@string/title_activity_main"
53-->src\main\AndroidManifest.xml:17:13-56
54            android:launchMode="singleTask"
54-->src\main\AndroidManifest.xml:19:13-44
55            android:theme="@style/AppTheme.NoActionBarLaunch" >
55-->src\main\AndroidManifest.xml:18:13-62
56            <intent-filter>
56-->src\main\AndroidManifest.xml:21:13-24:29
57                <action android:name="android.intent.action.MAIN" />
57-->src\main\AndroidManifest.xml:22:17-69
57-->src\main\AndroidManifest.xml:22:25-66
58
59                <category android:name="android.intent.category.LAUNCHER" />
59-->src\main\AndroidManifest.xml:23:17-77
59-->src\main\AndroidManifest.xml:23:27-74
60            </intent-filter>
61            <intent-filter>
61-->src\main\AndroidManifest.xml:26:13-31:29
62                <action android:name="android.intent.action.VIEW" />
62-->src\main\AndroidManifest.xml:27:17-69
62-->src\main\AndroidManifest.xml:27:25-66
63
64                <category android:name="android.intent.category.DEFAULT" />
64-->src\main\AndroidManifest.xml:28:17-76
64-->src\main\AndroidManifest.xml:28:27-73
65                <category android:name="android.intent.category.BROWSABLE" />
65-->src\main\AndroidManifest.xml:29:17-78
65-->src\main\AndroidManifest.xml:29:27-75
66
67                <data android:scheme="@string/custom_url_scheme" />
67-->src\main\AndroidManifest.xml:30:17-68
67-->src\main\AndroidManifest.xml:30:23-65
68            </intent-filter>
69        </activity>
70
71        <provider
72            android:name="androidx.core.content.FileProvider"
72-->src\main\AndroidManifest.xml:36:13-62
73            android:authorities="juannews.app.test.fileprovider"
73-->src\main\AndroidManifest.xml:37:13-64
74            android:exported="false"
74-->src\main\AndroidManifest.xml:38:13-37
75            android:grantUriPermissions="true" >
75-->src\main\AndroidManifest.xml:39:13-47
76            <meta-data
76-->src\main\AndroidManifest.xml:40:13-42:64
77                android:name="android.support.FILE_PROVIDER_PATHS"
77-->src\main\AndroidManifest.xml:41:17-67
78                android:resource="@xml/file_paths" />
78-->src\main\AndroidManifest.xml:42:17-51
79        </provider>
80
81        <service
81-->[:capacitor-android] AndroidManifest.xml:19:9-21:40
82            android:name="com.getcapacitor.plugin.background.BackgroundTaskService"
82-->[:capacitor-android] AndroidManifest.xml:20:13-84
83            android:exported="false" />
83-->[:capacitor-android] AndroidManifest.xml:21:13-37
84
85        <receiver android:name="com.getcapacitor.plugin.notification.TimedNotificationPublisher" />
85-->[:capacitor-android] AndroidManifest.xml:23:9-100
85-->[:capacitor-android] AndroidManifest.xml:23:19-97
86        <receiver android:name="com.getcapacitor.plugin.notification.NotificationDismissReceiver" />
86-->[:capacitor-android] AndroidManifest.xml:24:9-101
86-->[:capacitor-android] AndroidManifest.xml:24:19-98
87
88        <meta-data
88-->[:capacitor-android] AndroidManifest.xml:26:9-28:37
89            android:name="firebase_messaging_auto_init_enabled"
89-->[:capacitor-android] AndroidManifest.xml:27:13-64
90            android:value="false" />
90-->[:capacitor-android] AndroidManifest.xml:28:13-34
91
92        <service
92-->[:capacitor-android] AndroidManifest.xml:30:9-36:19
93            android:name="com.getcapacitor.CapacitorFirebaseMessagingService"
93-->[:capacitor-android] AndroidManifest.xml:31:13-78
94            android:stopWithTask="false" >
94-->[:capacitor-android] AndroidManifest.xml:32:13-41
95            <intent-filter>
95-->[:capacitor-android] AndroidManifest.xml:33:13-35:29
96                <action android:name="com.google.firebase.MESSAGING_EVENT" />
96-->[:capacitor-android] AndroidManifest.xml:34:17-78
96-->[:capacitor-android] AndroidManifest.xml:34:25-75
97            </intent-filter>
98        </service>
99
100        <receiver
100-->[:capacitor-android] AndroidManifest.xml:38:9-47:20
101            android:name="com.getcapacitor.plugin.notification.LocalNotificationRestoreReceiver"
101-->[:capacitor-android] AndroidManifest.xml:39:13-97
102            android:directBootAware="true"
102-->[:capacitor-android] AndroidManifest.xml:40:13-43
103            android:exported="false" >
103-->[:capacitor-android] AndroidManifest.xml:41:13-37
104            <intent-filter>
104-->[:capacitor-android] AndroidManifest.xml:42:13-46:29
105                <action android:name="android.intent.action.LOCKED_BOOT_COMPLETED" />
105-->[:capacitor-android] AndroidManifest.xml:43:17-86
105-->[:capacitor-android] AndroidManifest.xml:43:25-83
106                <action android:name="android.intent.action.BOOT_COMPLETED" />
106-->[:capacitor-android] AndroidManifest.xml:44:17-79
106-->[:capacitor-android] AndroidManifest.xml:44:25-76
107                <action android:name="android.intent.action.QUICKBOOT_POWERON" />
107-->[:capacitor-android] AndroidManifest.xml:45:17-82
107-->[:capacitor-android] AndroidManifest.xml:45:25-79
108            </intent-filter>
109        </receiver>
110        <receiver
110-->[:capacitor-cordova-android-plugins] AndroidManifest.xml:16:9-22:20
111            android:name="nl.xservices.plugins.ShareChooserPendingIntent"
111-->[:capacitor-cordova-android-plugins] AndroidManifest.xml:17:13-74
112            android:enabled="true" >
112-->[:capacitor-cordova-android-plugins] AndroidManifest.xml:18:13-35
113            <intent-filter>
113-->[:capacitor-cordova-android-plugins] AndroidManifest.xml:19:13-21:29
114                <action android:name="android.intent.action.SEND" />
114-->[:capacitor-cordova-android-plugins] AndroidManifest.xml:20:17-69
114-->[:capacitor-cordova-android-plugins] AndroidManifest.xml:20:25-66
115            </intent-filter>
116        </receiver>
117
118        <provider
118-->[:capacitor-cordova-android-plugins] AndroidManifest.xml:24:9-32:20
119            android:name="nl.xservices.plugins.FileProvider"
119-->[:capacitor-cordova-android-plugins] AndroidManifest.xml:25:13-61
120            android:authorities="juannews.app.test.sharing.provider"
120-->[:capacitor-cordova-android-plugins] AndroidManifest.xml:26:13-68
121            android:exported="false"
121-->[:capacitor-cordova-android-plugins] AndroidManifest.xml:27:13-37
122            android:grantUriPermissions="true" >
122-->[:capacitor-cordova-android-plugins] AndroidManifest.xml:28:13-47
123            <meta-data
123-->src\main\AndroidManifest.xml:40:13-42:64
124                android:name="android.support.FILE_PROVIDER_PATHS"
124-->src\main\AndroidManifest.xml:41:17-67
125                android:resource="@xml/sharing_paths" />
125-->src\main\AndroidManifest.xml:42:17-51
126        </provider>
127        <!--
128             FirebaseMessagingService performs security checks at runtime,
129             but set to not exported to explicitly avoid allowing another app to call it.
130        -->
131        <service
131-->[com.google.firebase:firebase-messaging:20.1.2] AndroidManifest.xml:28:9-34:19
132            android:name="com.google.firebase.messaging.FirebaseMessagingService"
132-->[com.google.firebase:firebase-messaging:20.1.2] AndroidManifest.xml:29:13-82
133            android:exported="false" >
133-->[com.google.firebase:firebase-messaging:20.1.2] AndroidManifest.xml:30:13-37
134            <intent-filter android:priority="-500" >
134-->[:capacitor-android] AndroidManifest.xml:33:13-35:29
135                <action android:name="com.google.firebase.MESSAGING_EVENT" />
135-->[:capacitor-android] AndroidManifest.xml:34:17-78
135-->[:capacitor-android] AndroidManifest.xml:34:25-75
136            </intent-filter>
137        </service>
138        <service
138-->[com.google.firebase:firebase-messaging:20.1.2] AndroidManifest.xml:35:9-41:19
139            android:name="com.google.firebase.components.ComponentDiscoveryService"
139-->[com.google.firebase:firebase-messaging:20.1.2] AndroidManifest.xml:36:13-84
140            android:directBootAware="true"
140-->[com.google.firebase:firebase-common:19.3.0] AndroidManifest.xml:34:13-43
141            android:exported="false" >
141-->[com.google.firebase:firebase-messaging:20.1.2] AndroidManifest.xml:37:13-37
142            <meta-data
142-->[com.google.firebase:firebase-messaging:20.1.2] AndroidManifest.xml:38:13-40:85
143                android:name="com.google.firebase.components:com.google.firebase.messaging.FirebaseMessagingRegistrar"
143-->[com.google.firebase:firebase-messaging:20.1.2] AndroidManifest.xml:39:17-119
144                android:value="com.google.firebase.components.ComponentRegistrar" />
144-->[com.google.firebase:firebase-messaging:20.1.2] AndroidManifest.xml:40:17-82
145            <meta-data
145-->[com.google.firebase:firebase-datatransport:17.0.3] AndroidManifest.xml:28:13-30:85
146                android:name="com.google.firebase.components:com.google.firebase.datatransport.TransportRegistrar"
146-->[com.google.firebase:firebase-datatransport:17.0.3] AndroidManifest.xml:29:17-115
147                android:value="com.google.firebase.components.ComponentRegistrar" />
147-->[com.google.firebase:firebase-datatransport:17.0.3] AndroidManifest.xml:30:17-82
148            <meta-data
148-->[com.google.firebase:firebase-iid:20.1.1] AndroidManifest.xml:32:13-34:85
149                android:name="com.google.firebase.components:com.google.firebase.iid.Registrar"
149-->[com.google.firebase:firebase-iid:20.1.1] AndroidManifest.xml:33:17-96
150                android:value="com.google.firebase.components.ComponentRegistrar" />
150-->[com.google.firebase:firebase-iid:20.1.1] AndroidManifest.xml:34:17-82
151            <meta-data
151-->[com.google.firebase:firebase-installations:16.0.0] AndroidManifest.xml:17:13-19:85
152                android:name="com.google.firebase.components:com.google.firebase.installations.FirebaseInstallationsRegistrar"
152-->[com.google.firebase:firebase-installations:16.0.0] AndroidManifest.xml:18:17-127
153                android:value="com.google.firebase.components.ComponentRegistrar" />
153-->[com.google.firebase:firebase-installations:16.0.0] AndroidManifest.xml:19:17-82
154        </service>
155
156        <receiver
156-->[com.google.firebase:firebase-iid:20.1.1] AndroidManifest.xml:37:9-44:20
157            android:name="com.google.firebase.iid.FirebaseInstanceIdReceiver"
157-->[com.google.firebase:firebase-iid:20.1.1] AndroidManifest.xml:38:13-78
158            android:exported="true"
158-->[com.google.firebase:firebase-iid:20.1.1] AndroidManifest.xml:39:13-36
159            android:permission="com.google.android.c2dm.permission.SEND" >
159-->[com.google.firebase:firebase-iid:20.1.1] AndroidManifest.xml:40:13-73
160            <intent-filter>
160-->[com.google.firebase:firebase-iid:20.1.1] AndroidManifest.xml:41:13-43:29
161                <action android:name="com.google.android.c2dm.intent.RECEIVE" />
161-->[com.google.firebase:firebase-iid:20.1.1] AndroidManifest.xml:42:17-81
161-->[com.google.firebase:firebase-iid:20.1.1] AndroidManifest.xml:42:25-78
162            </intent-filter>
163        </receiver>
164
165        <provider
165-->[com.google.firebase:firebase-common:19.3.0] AndroidManifest.xml:26:9-30:39
166            android:name="com.google.firebase.provider.FirebaseInitProvider"
166-->[com.google.firebase:firebase-common:19.3.0] AndroidManifest.xml:27:13-77
167            android:authorities="juannews.app.test.firebaseinitprovider"
167-->[com.google.firebase:firebase-common:19.3.0] AndroidManifest.xml:28:13-72
168            android:exported="false"
168-->[com.google.firebase:firebase-common:19.3.0] AndroidManifest.xml:29:13-37
169            android:initOrder="100" />
169-->[com.google.firebase:firebase-common:19.3.0] AndroidManifest.xml:30:13-36
170
171        <activity
171-->[com.google.android.gms:play-services-base:17.0.0] AndroidManifest.xml:23:9-26:75
172            android:name="com.google.android.gms.common.api.GoogleApiActivity"
172-->[com.google.android.gms:play-services-base:17.0.0] AndroidManifest.xml:24:13-79
173            android:exported="false"
173-->[com.google.android.gms:play-services-base:17.0.0] AndroidManifest.xml:25:13-37
174            android:theme="@android:style/Theme.Translucent.NoTitleBar" />
174-->[com.google.android.gms:play-services-base:17.0.0] AndroidManifest.xml:26:13-72
175
176        <meta-data
176-->[com.google.android.gms:play-services-basement:17.0.0] AndroidManifest.xml:23:9-25:69
177            android:name="com.google.android.gms.version"
177-->[com.google.android.gms:play-services-basement:17.0.0] AndroidManifest.xml:24:13-58
178            android:value="@integer/google_play_services_version" />
178-->[com.google.android.gms:play-services-basement:17.0.0] AndroidManifest.xml:25:13-66
179
180        <service
180-->[com.google.android.datatransport:transport-backend-cct:2.2.0] AndroidManifest.xml:29:9-35:19
181            android:name="com.google.android.datatransport.runtime.backends.TransportBackendDiscovery"
181-->[com.google.android.datatransport:transport-backend-cct:2.2.0] AndroidManifest.xml:30:13-103
182            android:exported="false" >
182-->[com.google.android.datatransport:transport-backend-cct:2.2.0] AndroidManifest.xml:31:13-37
183            <meta-data
183-->[com.google.android.datatransport:transport-backend-cct:2.2.0] AndroidManifest.xml:32:13-34:39
184                android:name="backend:com.google.android.datatransport.cct.CctBackendFactory"
184-->[com.google.android.datatransport:transport-backend-cct:2.2.0] AndroidManifest.xml:33:17-94
185                android:value="cct" />
185-->[com.google.android.datatransport:transport-backend-cct:2.2.0] AndroidManifest.xml:34:17-36
186        </service>
187        <service
187-->[com.google.android.datatransport:transport-runtime:2.2.0] AndroidManifest.xml:26:9-30:19
188            android:name="com.google.android.datatransport.runtime.scheduling.jobscheduling.JobInfoSchedulerService"
188-->[com.google.android.datatransport:transport-runtime:2.2.0] AndroidManifest.xml:27:13-117
189            android:exported="false"
189-->[com.google.android.datatransport:transport-runtime:2.2.0] AndroidManifest.xml:28:13-37
190            android:permission="android.permission.BIND_JOB_SERVICE" >
190-->[com.google.android.datatransport:transport-runtime:2.2.0] AndroidManifest.xml:29:13-69
191        </service>
192
193        <receiver
193-->[com.google.android.datatransport:transport-runtime:2.2.0] AndroidManifest.xml:32:9-34:40
194            android:name="com.google.android.datatransport.runtime.scheduling.jobscheduling.AlarmManagerSchedulerBroadcastReceiver"
194-->[com.google.android.datatransport:transport-runtime:2.2.0] AndroidManifest.xml:33:13-132
195            android:exported="false" />
195-->[com.google.android.datatransport:transport-runtime:2.2.0] AndroidManifest.xml:34:13-37
196    </application>
197
198</manifest>